[2016-09-10 19:13:06] START
[2016-09-10 19:33:38] EDIT home4/views/default/executar.html: 0
[2016-09-10 20:08:19] EDIT home4/modules/NivParamet.py: 0
[2016-09-10 20:12:05] EDIT home4/controllers/default.py: -22
[2016-09-10 20:13:57] EDIT home4/models/db.py: -4
[2016-09-10 20:19:20] EDIT home4/controllers/default.py: 3
[2016-09-10 20:23:58] EDIT home4/controllers/default.py: 2
[2016-09-10 20:25:11] EDIT home4/views/default/executar.html: 0
[2016-09-10 20:27:06] EDIT home4/views/default/executar.html: 0
[2016-09-10 20:28:41] EDIT home4/views/default/executar.html: 3
[2016-09-10 20:28:53] EDIT home4/views/default/executar.html: 0
[2016-09-10 20:30:45] EDIT home4/views/default/executar.html: 0
[2016-09-10 20:31:00] EDIT home4/views/default/executar.html: 0
[2016-09-10 20:31:21] EDIT home4/views/default/executar.html: -3
[2016-09-10 20:31:44] EDIT home4/views/default/executar.html: 2
[2016-09-10 20:32:16] EDIT home4/views/default/executar.html: -2
[2016-09-10 20:32:43] EDIT home4/views/default/executar.html: 2
[2016-09-10 20:34:02] EDIT home4/views/default/executar.html: -1
[2016-09-10 20:34:07] EDIT home4/views/default/executar.html: 0
[2016-09-10 20:36:28] EDIT home4/views/default/executar.html: 5
[2016-09-10 20:44:56] EDIT home4/views/default/executar.html: 9
[2016-09-10 20:45:51] EDIT home4/views/default/executar.html: 0
[2016-09-10 20:46:56] EDIT home4/views/default/executar.html: 0
[2016-09-10 21:27:37] EDIT home4/views/default/executar.html: 1
[2016-09-10 21:36:42] EDIT home4/views/default/executar.html: 0
[2016-09-10 21:37:28] EDIT home4/views/default/executar.html: 0
[2016-09-10 21:37:44] EDIT home4/views/default/executar.html: 0
[2016-09-10 21:39:19] EDIT home4/views/default/executar.html: 0
[2016-09-10 21:41:48] EDIT home4/views/default/executar.html: 6
[2016-09-10 21:44:40] EDIT home4/views/default/executar.html: 0
[2016-09-10 21:47:11] EDIT home4/views/default/executar.html: 6
[2016-09-10 21:47:28] EDIT home4/views/default/executar.html: 0
[2016-09-10 21:47:44] EDIT home4/views/default/executar.html: -3
[2016-09-10 21:57:00] EDIT home4/views/default/executar.html: 0
[2016-09-10 22:00:38] EDIT home4/views/default/executar.html: 1
[2016-09-10 22:14:54] EDIT home4/views/default/executar.html: 1
[2016-09-10 22:15:57] EDIT home4/views/default/executar.html: 0
[2016-09-10 22:16:17] EDIT home4/views/default/executar.html: 0
[2016-09-10 22:16:37] EDIT home4/views/default/executar.html: 0
[2016-09-10 22:17:35] EDIT home4/views/default/executar.html: 0
[2016-09-10 22:28:08] EDIT home4/views/default/executar.html: 0
[2016-09-10 22:28:42] EDIT home4/views/default/executar.html: -3
[2016-09-10 22:29:14] EDIT home4/views/default/executar.html: 2
[2016-09-10 22:29:30] EDIT home4/views/default/executar.html: 0
[2016-09-10 22:32:14] EDIT home4/views/default/executar.html: 0
[2016-09-10 22:32:33] EDIT home4/views/default/executar.html: 0
[2016-09-10 22:35:33] EDIT home4/views/default/executar.html: 0
[2016-09-10 22:36:00] EDIT home4/views/default/executar.html: 0
[2016-09-10 22:39:26] EDIT home4/views/default/refer.html: 43
[2016-09-10 22:40:44] EDIT home4/views/default/refer.html: 11
[2016-09-10 22:41:18] EDIT home4/views/default/refer.html: 0
[2016-09-10 22:41:28] EDIT home4/views/default/refer.html: 0
[2016-09-10 22:45:42] EDIT home4/views/default/refer.html: 0
[2016-09-10 22:46:04] EDIT home4/views/default/refer.html: 0
[2016-09-10 22:47:30] EDIT home4/views/default/refer.html: -9
[2016-09-10 22:48:35] EDIT home4/views/default/refer.html: -4
[2016-09-10 22:56:25] EDIT home4/views/default/refer.html: 2
[2016-09-10 22:58:03] EDIT home4/views/default/refer.html: -36
[2016-09-10 22:58:51] EDIT home4/views/default/refer.html: 1
[2016-09-10 22:59:08] EDIT home4/views/default/refer.html: 0
[2016-09-10 22:59:51] EDIT home4/views/default/refer.html: 0
[2016-09-10 22:59:59] EDIT home4/views/default/refer.html: 0
[2016-09-10 23:00:24] EDIT home4/views/default/refer.html: -1
[2016-09-10 23:00:34] EDIT home4/views/default/refer.html: -3
[2016-09-10 23:02:54] EDIT home4/views/default/refer.html: 1
[2016-09-10 23:03:14] EDIT home4/views/default/refer.html: 0
[2016-09-10 23:06:14] EDIT home4/views/default/refer.html: 0
[2016-09-10 23:06:22] EDIT home4/views/default/refer.html: 0
[2016-09-10 23:20:52] EDIT home4/views/default/refer.html: -6
[2016-09-10 23:21:30] EDIT home4/views/default/refer.html: 0
[2016-09-10 23:24:46] EDIT home4/views/default/refer.html: 27
[2016-09-10 23:27:37] EDIT home4/views/default/refer.html: 0
[2016-09-10 23:28:51] EDIT home4/views/default/refer.html: 0
[2016-09-10 23:30:28] EDIT home4/views/default/refer.html: 3
[2016-09-10 23:34:21] EDIT home4/views/default/refer.html: 0
[2016-09-10 23:34:34] EDIT home4/views/default/refer.html: 0
[2016-09-10 23:35:26] EDIT home4/views/default/refer.html: 0
[2016-09-10 23:35:37] EDIT home4/views/default/refer.html: 0
[2016-09-10 23:35:54] EDIT home4/views/default/refer.html: 0
[2016-09-10 23:36:04] EDIT home4/views/default/refer.html: 0
[2016-09-10 23:36:16] EDIT home4/views/default/refer.html: 0
[2016-09-10 23:37:57] EDIT home4/views/default/refer.html: 0
[2016-09-10 23:38:17] EDIT home4/views/default/refer.html: 0
[2016-09-10 23:38:33] EDIT home4/views/default/refer.html: -2
[2016-09-10 23:39:44] EDIT home4/views/default/refer.html: 0
[2016-09-10 23:39:55] EDIT home4/views/default/refer.html: -2
[2016-09-10 23:40:55] EDIT home4/views/default/refer.html: 3
[2016-09-10 23:47:05] EDIT home4/views/default/refer.html: 0
[2016-09-10 23:48:21] EDIT home4/views/default/refer.html: 0
[2016-09-10 23:52:59] EDIT home4/views/default/refer.html: 0
[2016-09-10 23:54:23] EDIT home4/views/default/refer.html: 0
[2016-09-10 23:55:00] EDIT home4/views/default/refer.html: 0
[2016-09-10 23:58:26] EDIT home4/views/default/refer.html: 0
[2016-09-10 23:59:14] EDIT home4/views/default/refer.html: 1
[2016-09-11 00:01:18] EDIT home4/views/default/refer.html: 0
[2016-09-11 00:03:02] EDIT home4/views/default/refer.html: 0
[2016-09-11 00:03:34] EDIT home4/views/default/refer.html: 0
[2016-09-11 00:04:04] EDIT home4/views/default/refer.html: 0
[2016-09-11 00:04:17] EDIT home4/views/default/refer.html: 0
[2016-09-11 00:04:30] EDIT home4/views/default/refer.html: 0
[2016-09-11 00:04:46] EDIT home4/views/default/refer.html: 0
[2016-09-11 00:04:54] EDIT home4/views/default/refer.html: 0
[2016-09-11 00:05:20] EDIT home4/views/default/refer.html: 3
[2016-09-11 00:05:41] EDIT home4/views/default/refer.html: 3
[2016-09-11 00:05:55] EDIT home4/views/default/refer.html: 0
[2016-09-11 00:06:31] EDIT home4/views/default/refer.html: 39
[2016-09-11 00:07:26] EDIT home4/views/default/refer.html: 0
[2016-09-11 00:07:58] EDIT home4/views/default/refer.html: 0
[2016-09-11 00:09:16] EDIT home4/views/default/refer.html: -24
[2016-09-11 00:10:02] EDIT home4/views/default/refer.html: -7
[2016-09-11 00:10:42] EDIT home4/views/default/refer.html: 30
[2016-09-11 00:14:54] EDIT home4/views/default/refer.html: -2
[2016-09-11 00:17:00] EDIT home4/views/default/refer.html: -2
[2016-09-11 00:17:10] EDIT home4/views/default/refer.html: 0
[2016-09-11 00:17:48] EDIT home4/views/default/refer.html: 0
[2016-09-11 00:18:31] EDIT home4/views/default/refer.html: 0
[2016-09-11 00:18:54] EDIT home4/views/default/refer.html: 0
[2016-09-11 00:19:09] EDIT home4/views/default/refer.html: 0
[2016-09-11 00:22:09] EDIT home4/views/default/refer.html: 13
[2016-09-11 00:24:33] EDIT home4/views/default/refer.html: 0
[2016-09-11 00:24:54] EDIT home4/views/default/refer.html: 13
[2016-09-11 00:25:04] EDIT home4/views/default/refer.html: 0
[2016-09-11 00:30:09] EDIT home4/views/default/refer.html: 13
[2016-09-11 00:30:32] EDIT home4/views/default/refer.html: 0
[2016-09-11 00:40:58] EDIT home4/views/default/refer.html: 2
[2016-09-11 00:42:05] EDIT home4/views/default/refer.html: 0
[2016-09-11 00:45:04] EDIT home4/views/default/refer.html: 15
[2016-09-11 00:53:59] EDIT home4/views/default/refer.html: -1
[2016-09-11 00:56:05] EDIT home4/views/default/refer.html: 0
[2016-09-11 00:56:41] EDIT home4/views/default/refer.html: 2
[2016-09-11 00:56:51] EDIT home4/views/default/refer.html: 0
[2016-09-11 00:58:00] EDIT home4/views/default/exemplos.html: 2
[2016-09-10 22:10:33] EDIT home4/views/layoutajuniv.html: -6
[2016-09-10 22:11:50] EDIT home4/views/layoutajuniv.html: 0
[2016-09-10 22:12:36] EDIT home4/controllers/default.py: 2
[2016-09-10 22:13:13] CREATE default/downloads.html: 0
[2016-09-10 22:13:44] EDIT home4/views/default/downloads.html: 0
[2016-09-10 22:39:05] EDIT home4/views/default/downloads.html: 2
[2016-09-10 22:39:47] EDIT home4/views/default/downloads.html: 0
[2016-09-10 22:44:46] CREATE _default/teste.html: 0
[2016-09-10 22:45:14] DELETE home4/views/_default/teste.html: -3
[2016-09-10 22:45:26] CREATE default/teste.html: 0
[2016-09-10 22:45:53] EDIT home4/views/default/teste.html: 1
[2016-09-10 22:47:10] EDIT home4/views/default/downloads.html: 6
[2016-09-10 22:48:05] EDIT home4/views/default/downloads.html: 0
[2016-09-10 22:51:14] EDIT home4/views/default/downloads.html: 0
[2016-09-10 23:02:57] EDIT home4/views/default/downloads.html: 0
[2016-09-10 23:06:13] EDIT home4/views/default/downloads.html: 0
[2016-09-10 23:07:07] EDIT home4/views/default/downloads.html: 0
[2016-09-10 23:11:13] EDIT home4/views/default/downloads.html: 2
[2016-09-10 23:12:38] EDIT home4/views/layoutajuniv.html: 6
[2016-09-10 23:12:41] EDIT home4/views/default/downloads.html: -8
[2016-09-10 23:14:40] EDIT home4/views/layoutajuniv.html: 0
[2016-09-10 23:15:38] EDIT home4/views/layoutajuniv.html: -2
[2016-09-11 09:24:26] EDIT home4/views/layoutajuniv.html: -1
[2016-09-11 09:28:50] EDIT home4/views/default/downloads.html: 0
[2016-09-11 09:29:03] EDIT home4/views/default/downloads.html: 0
[2016-09-11 09:29:47] EDIT home4/views/default/downloads.html: 0
[2016-09-11 09:29:59] EDIT home4/views/default/downloads.html: 0
[2016-09-11 09:30:19] EDIT home4/views/layoutajuniv.html: 0
[2016-09-11 09:33:56] EDIT home4/views/layoutajuniv.html: 0
[2016-09-11 09:35:22] EDIT home4/views/default/downloads.html: 2
[2016-09-11 09:38:05] EDIT home4/views/layoutajuniv.html: 0
[2016-09-11 09:38:43] EDIT home4/views/layoutajuniv.html: 0
[2016-09-11 09:39:43] EDIT home4/views/layoutajuniv.html: 0
[2016-09-11 09:40:23] EDIT home4/views/layoutajuniv.html: 0
[2016-09-11 09:45:00] EDIT home4/views/layoutajuniv.html: 1
[2016-09-11 09:45:13] EDIT home4/views/layoutajuniv.html: -1
[2016-09-11 09:46:05] EDIT home4/views/layoutajuniv.html: 2
[2016-09-11 09:47:17] EDIT home4/views/layoutajuniv.html: 0
[2016-09-11 09:47:48] EDIT home4/views/layoutajuniv.html: 0
[2016-09-11 09:48:35] EDIT home4/views/layoutajuniv.html: 0
[2016-09-11 09:49:44] EDIT home4/views/layoutajuniv.html: -1
[2016-09-11 09:54:20] EDIT home4/views/layoutajuniv.html: 5
[2016-09-11 09:55:38] EDIT home4/views/layoutajuniv.html: 1
[2016-09-11 09:57:57] EDIT home4/views/layoutajuniv.html: -3
[2016-09-11 10:01:31] EDIT home4/views/layoutajuniv.html: 0
[2016-09-11 10:02:41] EDIT home4/views/layoutajuniv.html: -1
[2016-09-11 10:02:52] EDIT home4/views/layoutajuniv.html: 1
[2016-09-11 10:03:08] EDIT home4/views/layoutajuniv.html: -4
[2016-09-11 10:05:09] EDIT home4/views/layoutajuniv.html: 1
[2016-09-11 10:08:39] EDIT home4/views/layoutajuniv.html: 1
[2016-09-11 10:08:50] EDIT home4/views/layoutajuniv.html: 0
[2016-09-11 10:09:08] EDIT home4/views/layoutajuniv.html: 1
[2016-09-11 10:09:17] EDIT home4/views/layoutajuniv.html: 0
[2016-09-11 10:25:45] EDIT home4/models/db.py: 4
[2016-09-11 10:29:41] EDIT home4/controllers/default.py: 0
[2016-09-11 10:30:05] EDIT home4/controllers/default.py: 0
[2016-09-11 10:31:29] EDIT home4/controllers/default.py: 0
[2016-09-11 10:31:58] EDIT home4/controllers/default.py: 0
[2016-09-11 10:32:12] EDIT home4/controllers/default.py: 0
[2016-09-11 10:32:22] EDIT home4/controllers/default.py: 0
[2016-09-11 10:32:36] EDIT home4/controllers/default.py: 0
[2016-09-11 10:33:51] EDIT home4/controllers/default.py: 2
[2016-09-11 10:34:08] EDIT home4/controllers/default.py: 0
[2016-09-11 10:37:36] EDIT home4/controllers/default.py: 0
[2016-09-11 10:37:48] EDIT home4/controllers/default.py: 0
[2016-09-11 10:39:07] EDIT home4/controllers/default.py: 0
[2016-09-11 10:39:10] EDIT home4/controllers/default.py: 0
[2016-09-11 10:39:21] EDIT home4/controllers/default.py: 0
[2016-09-11 10:40:01] EDIT home4/controllers/default.py: 0
[2016-09-11 10:41:21] EDIT home4/controllers/default.py: 0
[2016-09-11 10:42:12] EDIT home4/controllers/default.py: 0
[2016-09-11 10:43:27] EDIT home4/controllers/default.py: 0
[2016-09-11 10:43:43] EDIT home4/controllers/default.py: 0
[2016-09-11 10:43:50] EDIT home4/controllers/default.py: 0
[2016-09-11 10:44:30] EDIT home4/controllers/default.py: 0
[2016-09-11 10:45:22] EDIT home4/views/layoutajuniv.html: 0
[2016-09-11 10:45:54] EDIT home4/views/default/downloads.html: 1
[2016-09-11 10:50:26] EDIT home4/views/layoutajuniv.html: 0
[2016-09-11 10:51:14] EDIT home4/views/layoutajuniv.html: 0
[2016-09-11 10:51:38] EDIT home4/views/layoutajuniv.html: 0
[2016-09-11 10:52:32] EDIT home4/views/layoutajuniv.html: 0
[2016-09-11 10:52:49] EDIT home4/views/default/downloads.html: -1
[2016-09-11 10:53:59] EDIT home4/views/layoutajuniv.html: 0
[2016-09-11 10:54:32] EDIT home4/views/layoutajuniv.html: 0
[2016-09-11 10:54:45] EDIT home4/views/layoutajuniv.html: 0
[2016-09-11 10:55:04] EDIT home4/views/layoutajuniv.html: 0
[2016-09-11 10:55:24] EDIT home4/views/layoutajuniv.html: 1
[2016-09-11 10:55:37] EDIT home4/views/layoutajuniv.html: 0
[2016-09-11 10:55:54] EDIT home4/views/layoutajuniv.html: 0
[2016-09-11 10:56:25] EDIT home4/views/layoutajuniv.html: -1
[2016-09-11 10:57:05] EDIT home4/views/layoutajuniv.html: 2
[2016-09-11 10:57:55] EDIT home4/views/layoutajuniv.html: 0
[2016-09-11 10:58:06] EDIT home4/views/layoutajuniv.html: 0
[2016-09-11 10:58:17] EDIT home4/views/layoutajuniv.html: 0
[2016-09-11 11:02:36] EDIT home4/controllers/default.py: -2
[2016-09-11 11:04:51] EDIT home4/views/layoutajuniv.html: -2
[2016-09-11 11:06:21] EDIT home4/views/layoutajuniv.html: 0
[2016-09-11 11:06:54] EDIT home4/views/default/downloads.html: -6
[2016-09-11 11:07:57] EDIT home4/views/layoutajuniv.html: 1
[2016-09-11 11:08:14] EDIT home4/views/layoutajuniv.html: 0
[2016-09-11 11:08:57] EDIT home4/views/layoutajuniv.html: -1
[2016-09-11 11:09:04] EDIT home4/views/layoutajuniv.html: 0
[2016-09-11 11:14:34] EDIT home4/views/layoutajuniv.html: 5
[2016-09-11 11:15:36] EDIT home4/views/layoutajuniv.html: 1
[2016-09-11 11:21:59] EDIT home4/views/layoutajuniv.html: 0
[2016-09-11 11:25:51] EDIT home4/views/layoutajuniv.html: 0
[2016-09-11 11:27:22] EDIT home4/controllers/default.py: -2
[2016-09-11 11:31:01] EDIT home4/views/layoutajuniv.html: 6
[2016-09-11 11:33:35] EDIT home4/views/layoutajuniv.html: 4
[2016-09-11 11:36:45] EDIT home4/views/layoutajuniv.html: 0
[2016-09-11 11:41:04] EDIT home4/views/layoutajuniv.html: 1
[2016-09-11 11:44:08] EDIT home4/views/layoutajuniv.html: 5
[2016-09-11 11:44:32] EDIT home4/views/layoutajuniv.html: 0
[2016-09-11 11:45:59] EDIT home4/views/layoutajuniv.html: -9
[2016-09-11 11:47:49] EDIT home4/views/layoutajuniv.html: 0
[2016-09-11 11:48:29] EDIT home4/views/layoutajuniv.html: 0
[2016-09-11 11:52:03] EDIT home4/views/layoutajuniv.html: 3
[2016-09-11 11:52:18] EDIT home4/views/layoutajuniv.html: 0
[2016-09-11 11:54:23] EDIT home4/views/layoutajuniv.html: 0
[2016-09-11 11:57:12] EDIT home4/views/layoutajuniv.html: 9
[2016-09-11 11:57:30] EDIT home4/views/layoutajuniv.html: -1
[2016-09-11 11:59:39] EDIT home4/views/layoutajuniv.html: 0
[2016-09-11 12:06:50] EDIT home4/views/layoutajuniv.html: 3
[2016-09-11 12:09:05] EDIT home4/views/layoutajuniv.html: 5
[2016-09-11 12:10:32] EDIT home4/views/layoutajuniv.html: 0
[2016-09-11 12:11:52] EDIT home4/views/layoutajuniv.html: 0
[2016-09-11 12:18:00] EDIT home4/views/layoutajuniv.html: -4
[2016-09-11 12:18:25] EDIT home4/views/default/downloads.html: 1
[2016-09-11 12:18:39] EDIT home4/views/layoutajuniv.html: -2
[2016-09-11 12:35:58] EDIT home4/views/default/ajunivel.html: 2
[2016-09-11 12:36:08] EDIT home4/views/default/downloads.html: 9
[2016-09-11 16:41:17] EDIT home4/views/default/downloads.html: 2
[2016-09-11 16:48:18] EDIT home4/views/default/downloads.html: 12
[2016-09-11 16:54:41] EDIT home4/views/default/downloads.html: 5
[2016-09-11 16:55:38] EDIT home4/views/default/downloads.html: 14
[2016-09-11 16:57:43] EDIT home4/views/default/downloads.html: 5
[2016-09-11 16:58:22] EDIT home4/views/default/downloads.html: 2
[2016-09-11 16:59:19] EDIT home4/views/default/downloads.html: 14
[2016-09-11 16:59:57] EDIT home4/views/default/downloads.html: 8
[2016-09-11 17:03:52] EDIT home4/views/default/downloads.html: 16
[2016-09-11 17:04:55] EDIT home4/views/default/downloads.html: 0
[2016-09-11 17:05:29] EDIT home4/views/default/downloads.html: 0
[2016-09-11 17:05:47] EDIT home4/views/default/downloads.html: -4
[2016-09-11 17:06:13] EDIT home4/views/default/downloads.html: -5
[2016-09-11 17:07:15] EDIT home4/views/default/downloads.html: 9
[2016-09-11 17:08:12] EDIT home4/views/default/downloads.html: 20
[2016-09-11 17:08:58] EDIT home4/views/default/downloads.html: 0
[2016-09-11 17:09:19] EDIT home4/views/default/downloads.html: -5
[2016-09-11 17:09:35] EDIT home4/views/default/downloads.html: -15
[2016-09-11 17:10:09] EDIT home4/views/default/downloads.html: 9
[2016-09-11 17:10:23] EDIT home4/views/default/downloads.html: 0
[2016-09-11 17:10:49] EDIT home4/views/default/downloads.html: 9
[2016-09-11 17:11:00] EDIT home4/views/default/downloads.html: 0
[2016-09-11 17:11:36] EDIT home4/views/default/downloads.html: 0
[2016-09-11 17:12:12] EDIT home4/views/default/downloads.html: -8
[2016-09-11 17:12:44] EDIT home4/views/default/downloads.html: -8
[2016-09-11 17:12:52] EDIT home4/views/default/downloads.html: -8
[2016-09-11 17:14:00] EDIT home4/views/default/downloads.html: 33
[2016-09-11 17:14:32] EDIT home4/views/default/downloads.html: -24
[2016-09-11 17:15:10] EDIT home4/views/default/downloads.html: 0
[2016-09-11 17:20:52] EDIT home4/views/default/downloads.html: 0
[2016-09-11 17:21:38] EDIT home4/views/default/downloads.html: 0
[2016-09-11 17:21:51] EDIT home4/views/default/downloads.html: 0
[2016-09-11 17:22:18] EDIT home4/views/default/downloads.html: -34
[2016-09-11 17:22:34] EDIT home4/views/default/downloads.html: -12
[2016-09-11 17:23:25] EDIT home4/views/default/downloads.html: 1
[2016-09-11 17:23:41] EDIT home4/views/default/downloads.html: 0
[2016-09-11 17:24:12] EDIT home4/views/default/downloads.html: -1
[2016-09-11 17:25:32] EDIT home4/views/default/downloads.html: 0
[2016-09-11 17:28:57] EDIT home4/views/default/downloads.html: 0
[2016-09-11 17:34:13] EDIT home4/views/default/downloads.html: 1
[2016-09-11 17:36:17] EDIT home4/views/default/downloads.html: 0
[2016-09-11 17:36:51] EDIT home4/views/default/downloads.html: 0
[2016-09-11 17:41:06] EDIT home4/views/default/downloads.html: 1
[2016-09-11 17:41:37] EDIT home4/views/default/downloads.html: 0
[2016-09-11 17:45:16] EDIT home4/views/default/downloads.html: 1
[2016-09-11 17:47:23] EDIT home4/views/default/downloads.html: 0
[2016-09-11 17:48:17] EDIT home4/views/default/downloads.html: 0
[2016-09-11 17:49:21] EDIT home4/views/default/downloads.html: 0
[2016-09-11 17:49:50] EDIT home4/views/default/downloads.html: 0
[2016-09-11 17:52:52] EDIT home4/views/default/downloads.html: 36
[2016-09-11 17:53:34] EDIT home4/views/default/downloads.html: 0
[2016-09-11 17:54:18] EDIT home4/views/default/downloads.html: 0
[2016-09-11 17:54:22] EDIT home4/views/default/downloads.html: 0
[2016-09-11 17:57:36] EDIT home4/views/default/downloads.html: 0
[2016-09-11 17:58:02] EDIT home4/views/default/downloads.html: 0
[2016-09-11 17:58:30] EDIT home4/views/default/downloads.html: 0
[2016-09-11 17:58:38] EDIT home4/views/default/downloads.html: 0
[2016-09-11 18:00:27] EDIT home4/views/default/downloads.html: 0
[2016-09-11 18:03:01] EDIT home4/views/default/downloads.html: 0
[2016-09-11 18:08:02] EDIT home4/views/default/downloads.html: 2
[2016-09-11 18:08:46] EDIT home4/views/default/downloads.html: 0
[2016-09-11 18:10:51] EDIT home4/views/default/downloads.html: 4
[2016-09-11 18:11:55] EDIT home4/views/default/downloads.html: 7
[2016-09-11 18:14:35] EDIT home4/views/default/downloads.html: -3
[2016-09-11 18:15:40] EDIT home4/views/default/downloads.html: 1
[2016-09-11 18:17:18] EDIT home4/views/default/downloads.html: 1
[2016-09-11 18:17:37] EDIT home4/views/default/downloads.html: 0
[2016-09-11 18:18:09] EDIT home4/views/default/downloads.html: -15
[2016-09-11 18:22:24] EDIT home4/views/default/downloads.html: 0
[2016-09-11 18:23:02] EDIT home4/views/default/downloads.html: 0
[2016-09-11 18:24:07] EDIT home4/views/default/downloads.html: 0
[2016-09-11 18:25:19] EDIT home4/views/default/downloads.html: 0
[2016-09-11 18:25:36] EDIT home4/views/default/downloads.html: 0
[2016-09-11 18:25:55] EDIT home4/views/default/downloads.html: 0
[2016-09-11 18:27:32] EDIT home4/views/default/downloads.html: 0
[2016-09-11 18:28:09] EDIT home4/views/default/downloads.html: 0
[2016-09-11 18:28:34] EDIT home4/views/default/downloads.html: 0
[2016-09-11 18:38:14] EDIT home4/controllers/default.py: 1
[2016-09-11 18:40:38] EDIT home4/controllers/default.py: -1
[2016-09-11 18:41:50] EDIT home4/controllers/default.py: 1
[2016-09-11 18:42:06] EDIT home4/controllers/default.py: 0
[2016-09-11 18:42:11] EDIT home4/controllers/default.py: 0
[2016-09-11 18:42:23] EDIT home4/controllers/default.py: 0
[2016-09-11 18:46:41] EDIT home4/controllers/default.py: 0
[2016-09-11 18:55:12] EDIT home4/models/db.py: -1
[2016-09-11 18:57:22] EDIT home4/controllers/default.py: 1
[2016-09-11 18:59:00] EDIT home4/controllers/default.py: 0
[2016-09-11 18:59:39] EDIT home4/controllers/default.py: 0
[2016-09-11 19:01:18] EDIT home4/controllers/default.py: 0
[2016-09-11 19:02:04] EDIT home4/controllers/default.py: 0
[2016-09-11 19:03:38] EDIT home4/controllers/default.py: 0
[2016-09-11 19:06:13] EDIT home4/controllers/default.py: 0
[2016-09-11 19:06:38] EDIT home4/controllers/default.py: 0
[2016-09-11 19:07:10] EDIT home4/controllers/default.py: 0
[2016-09-11 19:07:27] EDIT home4/controllers/default.py: 0
[2016-09-11 19:07:48] EDIT home4/controllers/default.py: 0
[2016-09-11 19:08:08] EDIT home4/controllers/default.py: 0
[2016-09-11 19:11:56] EDIT home4/controllers/default.py: 2
[2016-09-11 19:12:20] EDIT home4/controllers/default.py: 0
[2016-09-11 19:12:53] EDIT home4/controllers/default.py: -1
[2016-09-11 19:14:47] EDIT home4/controllers/default.py: 0
[2016-09-11 19:15:21] EDIT home4/controllers/default.py: 0
[2016-09-11 19:16:31] EDIT home4/controllers/default.py: 0
[2016-09-11 19:17:23] EDIT home4/controllers/default.py: -1
[2016-09-11 19:17:57] EDIT home4/controllers/default.py: 1
[2016-09-11 19:18:19] EDIT home4/controllers/default.py: 0
[2016-09-11 19:18:45] EDIT home4/controllers/default.py: 0
[2016-09-11 19:19:14] EDIT home4/controllers/default.py: 0
[2016-09-11 19:19:33] EDIT home4/controllers/default.py: 0
[2016-09-11 19:19:48] EDIT home4/controllers/default.py: 0
[2016-09-11 19:21:25] EDIT home4/controllers/default.py: 0
[2016-09-11 19:21:49] EDIT home4/controllers/default.py: 0
[2016-09-11 19:22:10] EDIT home4/controllers/default.py: 0
[2016-09-11 19:28:24] EDIT home4/controllers/default.py: 1
[2016-09-11 19:28:50] EDIT home4/controllers/default.py: 0
[2016-09-11 19:29:00] EDIT home4/controllers/default.py: 1
[2016-09-11 19:31:49] EDIT home4/controllers/default.py: 0
[2016-09-11 19:32:56] EDIT home4/controllers/default.py: 1
[2016-09-11 19:34:15] EDIT home4/views/default/executar.html: 0
[2016-09-11 19:35:14] EDIT home4/views/layoutajuniv.html: 0
[2016-09-11 19:35:16] EDIT home4/views/layoutajuniv.html: 0
[2016-09-11 19:35:46] EDIT home4/views/layoutajuniv.html: 0
[2016-09-11 19:40:56] EDIT home4/controllers/default.py: 1
[2016-09-11 19:42:10] EDIT home4/controllers/default.py: 1
[2016-09-11 19:43:03] EDIT home4/views/layoutajuniv.html: 0
[2016-09-11 19:44:37] EDIT home4/controllers/default.py: 0
[2016-09-11 19:46:18] EDIT home4/controllers/default.py: 8
[2016-09-11 19:46:50] EDIT home4/controllers/default.py: 0
[2016-09-11 19:47:19] EDIT home4/views/layoutajuniv.html: 0
[2016-09-11 19:50:39] EDIT home4/views/default/refer.html: 0
[2016-09-11 19:51:27] EDIT home4/views/default/refer.html: 0
[2016-09-11 19:53:18] EDIT home4/views/default/refer.html: -4
[2016-09-11 19:53:29] EDIT home4/views/default/refer.html: 4
[2016-09-11 19:55:41] EDIT home4/views/layoutajuniv.html: 0
[2016-09-11 19:56:59] EDIT home4/views/layoutajuniv.html: 0
[2016-09-11 20:00:22] EDIT home4/views/default/ajunivel.html: -10
[2016-09-11 20:01:04] EDIT home4/views/default/ajunivel.html: 0
[2016-09-11 20:04:36] EDIT home4/views/default/downloads.html: 16
[2016-09-11 20:12:59] EDIT home4/views/default/downloads.html: 0
[2016-09-11 20:14:45] EDIT home4/views/default/downloads.html: 0
[2016-09-11 21:13:20] EDIT home4/views/default/downloads.html: 0
[2016-09-11 21:14:19] EDIT home4/views/default/downloads.html: 0
[2016-09-11 21:14:42] EDIT home4/views/default/downloads.html: -3
[2016-09-11 21:15:25] EDIT home4/views/default/downloads.html: 0
[2016-09-11 21:15:51] EDIT home4/views/default/downloads.html: 0
[2016-09-11 21:17:23] EDIT home4/views/default/downloads.html: 0
[2016-09-11 21:17:53] EDIT home4/views/default/downloads.html: 0
[2016-09-11 21:18:52] EDIT home4/views/default/downloads.html: 0
[2016-09-11 21:19:25] EDIT home4/views/default/downloads.html: 0
[2016-09-11 21:21:10] EDIT home4/views/default/downloads.html: 0
[2016-09-11 21:22:20] EDIT home4/views/default/downloads.html: 0
[2016-09-11 21:24:27] EDIT home4/views/default/downloads.html: 0
[2016-09-11 21:25:55] EDIT home4/views/default/downloads.html: 0
[2016-09-11 21:26:25] EDIT home4/views/default/downloads.html: 0
[2016-09-12 12:21:44] EDIT home4/controllers/default.py: 0
[2016-09-12 12:22:41] EDIT home4/controllers/default.py: 0
[2016-09-12 12:23:32] EDIT home4/controllers/default.py: 0
[2016-09-12 12:46:39] EDIT home4/controllers/default.py: 2
[2016-09-12 12:47:05] EDIT home4/controllers/default.py: 0
[2016-09-12 15:10:37] EDIT home4/views/default/executar.html: 21
[2016-09-12 15:13:45] EDIT home4/views/default/executar.html: -21
[2016-09-12 15:14:24] EDIT home4/views/default/executar.html: 21
[2016-09-12 15:15:22] EDIT home4/views/default/executar.html: -1
[2016-09-12 15:15:38] EDIT home4/views/default/executar.html: 0
[2016-09-12 15:16:47] EDIT home4/views/default/executar.html: -1
[2016-09-12 15:17:14] EDIT home4/views/default/executar.html: 0
[2016-09-12 15:17:26] EDIT home4/views/default/executar.html: 0
[2016-09-12 15:17:37] EDIT home4/views/default/executar.html: 0
[2016-09-12 15:17:49] EDIT home4/views/default/executar.html: 0
[2016-09-12 15:18:44] EDIT home4/views/default/executar.html: -1
[2016-09-12 15:19:55] EDIT home4/views/default/executar.html: 0
[2016-09-12 15:20:14] EDIT home4/views/default/executar.html: 0
[2016-09-12 15:20:31] EDIT home4/views/default/executar.html: -1
[2016-09-12 15:20:42] EDIT home4/views/default/executar.html: 0
[2016-09-12 15:23:10] EDIT home4/views/default/executar.html: 0
[2016-09-12 15:24:38] EDIT home4/views/default/executar.html: 2
[2016-09-12 15:25:10] EDIT home4/views/default/executar.html: 0
[2016-09-12 15:25:45] EDIT home4/views/default/executar.html: 0
[2016-09-12 15:26:04] EDIT home4/views/default/executar.html: -1
[2016-09-12 15:26:35] EDIT home4/views/default/executar.html: -1
[2016-09-12 15:27:10] EDIT home4/views/default/executar.html: 0
[2016-09-12 15:28:34] EDIT home4/views/default/executar.html: 6
[2016-09-12 15:28:50] EDIT home4/views/default/executar.html: -6
[2016-09-12 15:30:01] EDIT home4/views/default/executar.html: 0
[2016-09-12 15:31:06] EDIT home4/views/default/executar.html: 0
[2016-09-12 15:32:31] EDIT home4/views/default/executar.html: -2
[2016-09-12 15:32:52] EDIT home4/views/default/executar.html: 0
[2016-09-12 15:39:37] EDIT home4/views/default/executar.html: 0
[2016-09-12 15:39:53] EDIT home4/views/default/executar.html: 0
[2016-09-12 15:40:09] EDIT home4/views/default/executar.html: 0
[2016-09-12 15:42:07] EDIT home4/views/default/executar.html: 3
[2016-09-12 15:49:24] EDIT home4/views/default/executar.html: 0
[2016-09-12 15:49:51] EDIT home4/views/default/executar.html: 0
[2016-09-12 21:57:53] EDIT home4/views/default/executar.html: 1
[2016-09-12 21:59:07] EDIT home4/views/default/executar.html: 1
[2016-09-12 22:03:29] EDIT home4/views/default/executar.html: 0
[2016-09-12 22:04:35] EDIT home4/views/default/executar.html: 0
[2016-09-12 22:05:54] EDIT home4/views/default/executar.html: 0
[2016-09-12 22:06:10] EDIT home4/views/default/executar.html: 1
[2016-09-12 22:16:57] EDIT home4/views/default/executar.html: 0
[2016-09-12 22:18:18] EDIT home4/views/default/executar.html: 0
[2016-09-12 22:18:34] EDIT home4/views/default/executar.html: 0
[2016-09-12 22:21:54] EDIT home4/views/default/executar.html: 1
[2016-09-12 22:25:07] EDIT home4/views/default/executar.html: 0
[2016-09-12 22:33:46] EDIT home4/views/default/executar.html: 0
[2016-09-12 22:35:44] EDIT home4/views/default/executar.html: 0
[2016-09-12 22:39:29] EDIT home4/views/default/executar.html: 0
[2016-09-12 22:41:52] EDIT home4/views/default/executar.html: 3
[2016-09-12 22:42:20] EDIT home4/views/default/executar.html: 2
[2016-09-12 22:55:45] EDIT home4/views/default/executar.html: 0
[2016-09-12 22:59:02] EDIT home4/views/default/executar.html: 1
[2016-09-12 23:02:26] EDIT home4/views/default/executar.html: 0
[2016-09-12 23:07:46] EDIT home4/views/default/executar.html: 1
[2016-09-12 23:08:19] EDIT home4/views/default/executar.html: 0
[2016-09-12 23:09:39] EDIT home4/views/default/executar.html: 0
[2016-09-12 23:10:00] EDIT home4/views/default/executar.html: 0
[2016-09-12 23:10:34] EDIT home4/views/default/executar.html: 0
[2016-09-12 23:11:34] EDIT home4/views/default/executar.html: 0
[2016-09-12 23:21:40] EDIT home4/views/default/executar.html: 1
[2016-09-12 23:27:37] EDIT home4/views/default/executar.html: 0
[2016-09-12 23:28:17] EDIT home4/views/default/executar.html: 0
[2016-09-12 23:28:49] EDIT home4/views/default/executar.html: 0
[2016-09-12 23:29:16] EDIT home4/views/default/executar.html: 0
[2016-09-12 23:35:15] EDIT home4/views/default/executar.html: 1
[2016-09-12 23:38:48] EDIT home4/views/default/executar.html: 1
[2016-09-12 23:39:51] EDIT home4/views/default/executar.html: 0
[2016-09-12 23:40:03] EDIT home4/views/default/executar.html: 0
[2016-09-12 23:42:43] EDIT home4/views/default/executar.html: 0
[2016-09-13 20:56:57] EDIT home4/modules/NivParamet.py: 0
[2016-09-13 21:07:54] EDIT home4/views/default/exemplos.html: 0
[2016-09-13 21:08:07] EDIT home4/views/layoutajuniv.html: 0
[2016-09-13 22:24:03] EDIT home4/views/default/refer.html: -1
[2016-09-13 22:26:50] EDIT home4/views/default/refer.html: 39
[2016-09-13 22:27:33] EDIT home4/views/default/refer.html: 0
[2016-09-13 22:28:47] EDIT home4/views/default/refer.html: 0
[2016-09-13 22:28:55] EDIT home4/views/default/refer.html: 0
[2016-09-13 22:29:59] EDIT home4/views/default/refer.html: 0
[2016-09-13 22:30:11] EDIT home4/views/default/refer.html: 0
[2016-09-13 22:45:24] EDIT home4/views/default/refer.html: 0
[2016-09-13 22:46:04] EDIT home4/views/default/refer.html: 0
[2016-09-13 22:46:11] EDIT home4/views/default/refer.html: 0
[2016-09-13 22:54:43] EDIT home4/views/default/refer.html: 0
[2016-09-13 22:54:52] EDIT home4/views/default/refer.html: 0
[2016-09-13 23:03:09] EDIT home4/models/menu.py: 0
[2016-09-13 23:04:02] EDIT home4/controllers/default.py: 0
[2016-09-13 23:04:40] EDIT home4/views/default/ajunivgeo.html: 2
[2016-09-13 23:05:23] EDIT home4/views/layoutajuniv.html: 0
[2016-09-13 23:05:44] EDIT home4/views/default/downloads.html: 0
[2016-09-13 23:05:52] EDIT home4/views/default/downloads.html: 0
[2016-09-13 23:06:16] EDIT home4/views/default/ajunivgeo.html: 0
[2016-09-13 23:06:31] EDIT home4/views/default/ajunivgeo.html: 0
[2016-09-13 23:07:01] EDIT home4/views/default/ajunivgeo.html: 0
[2016-09-13 23:07:44] EDIT home4/views/default/ajunivgeo.html: -3
[2016-09-13 23:08:05] EDIT home4/views/default/downloads.html: 0
[2016-09-14 09:27:53] EDIT home4/modules/NivParamet.py: 0
[2016-09-14 09:30:14] EDIT home4/views/default/exemplos.html: 18
[2016-09-14 09:50:42] EDIT home4/views/default/exemplos.html: 0
[2016-09-14 09:53:34] EDIT home4/views/default/exemplos.html: 0
[2016-09-14 09:57:46] EDIT home4/views/default/exemplos.html: 2
[2016-09-14 09:57:56] EDIT home4/views/default/exemplos.html: 0
[2016-09-14 10:05:29] EDIT home4/views/default/exemplos.html: 0
[2016-09-14 10:08:08] EDIT home4/views/default/exemplos.html: 0
[2016-09-14 10:09:00] EDIT home4/views/default/exemplos.html: 0
[2016-09-14 10:09:10] EDIT home4/views/default/exemplos.html: 0
[2016-09-14 10:13:08] EDIT home4/views/default/exemplos.html: -1
[2016-09-14 10:13:24] EDIT home4/views/default/exemplos.html: -1
[2016-09-14 10:21:26] EDIT home4/views/default/exemplos.html: 0
[2016-09-14 10:25:18] EDIT home4/views/default/exemplos.html: 1
[2016-09-14 10:27:31] EDIT home4/views/default/exemplos.html: 0
[2016-09-14 10:52:58] EDIT home4/views/default/exemplos.html: 0
[2016-09-14 10:53:06] EDIT home4/views/default/exemplos.html: 0
[2016-09-14 10:53:59] EDIT home4/views/default/exemplos.html: 0
[2016-09-14 10:55:07] EDIT home4/views/default/exemplos.html: 0
[2016-09-14 10:56:10] EDIT home4/views/default/exemplos.html: 0
[2016-09-14 10:57:43] EDIT home4/views/default/exemplos.html: 0
[2016-09-14 11:01:30] EDIT home4/views/default/exemplos.html: 0
[2016-09-14 11:01:56] EDIT home4/views/default/exemplos.html: 0
[2016-09-14 11:12:53] EDIT home4/views/default/exemplos.html: 0
[2016-09-14 11:13:05] EDIT home4/views/default/exemplos.html: 0
[2016-09-14 11:13:17] EDIT home4/views/default/exemplos.html: 0
[2016-09-14 11:13:36] EDIT home4/views/default/exemplos.html: 0
[2016-09-14 11:22:02] EDIT home4/views/default/exemplos.html: 0
[2016-09-14 11:22:33] EDIT home4/views/default/exemplos.html: 0
[2016-09-14 11:24:39] EDIT home4/views/default/exemplos.html: -1
[2016-09-14 11:28:05] EDIT home4/views/default/exemplos.html: 0
[2016-09-14 11:28:38] EDIT home4/views/default/exemplos.html: 0
[2016-09-14 11:28:49] EDIT home4/views/default/exemplos.html: -1
[2016-09-14 11:43:23] EDIT home4/views/default/exemplos.html: 0
[2016-09-14 11:44:41] EDIT home4/views/layoutajuniv.html: 1
[2016-09-14 11:45:51] EDIT home4/views/default/exemplos.html: -1
[2016-09-14 11:47:45] EDIT home4/views/layoutajuniv.html: 5
[2016-09-14 11:48:01] EDIT home4/views/layoutajuniv.html: 0
[2016-09-14 11:48:09] EDIT home4/views/default/exemplos.html: 0
[2016-09-14 11:52:44] EDIT home4/views/layoutajuniv.html: 0
[2016-09-14 12:12:40] EDIT home4/views/default/ajunivgeo.html: 3
[2016-09-14 12:13:31] EDIT home4/views/default/ajunivgeo.html: 0
[2016-09-14 12:14:36] EDIT home4/views/default/ajunivgeo.html: 0
[2016-09-14 12:18:50] EDIT home4/views/default/executar.html: -3
[2016-09-14 12:19:40] EDIT home4/views/default/executar.html: 6
[2016-09-14 12:21:42] EDIT home4/views/default/executar.html: 0
[2016-09-14 12:24:18] EDIT home4/views/default/executar.html: -1
[2016-09-14 12:24:38] EDIT home4/views/default/executar.html: 0
[2016-09-14 12:25:42] EDIT home4/views/default/executar.html: 0
[2016-09-14 12:33:58] EDIT home4/views/default/downloads.html: 0
[2016-09-14 12:35:38] EDIT home4/views/default/downloads.html: 0
[2016-09-14 12:45:26] EDIT home4/views/layoutajuniv.html: 0
[2016-09-14 12:45:35] EDIT home4/views/layoutajuniv.html: 0
[2016-09-14 20:15:58] EDIT home4/controllers/default.py: 3
[2016-09-14 20:19:41] EDIT home4/controllers/default.py: -3
[2016-09-14 20:25:09] EDIT home4/views/default/executar.html: 5
[2016-09-14 20:25:35] EDIT home4/views/default/executar.html: 0
[2016-09-14 20:25:51] EDIT home4/views/default/executar.html: -4
[2016-09-14 20:29:09] EDIT home4/views/default/executar.html: 1
[2016-09-14 20:29:39] EDIT home4/views/default/executar.html: 0
[2016-09-14 20:30:32] EDIT home4/views/default/executar.html: 0
[2016-09-14 20:31:13] EDIT home4/views/default/executar.html: -1
[2016-09-14 20:31:59] EDIT home4/views/default/executar.html: 0
[2016-09-14 20:38:41] EDIT home4/views/layoutajuniv.html: 14
[2016-09-14 20:38:59] EDIT home4/views/layoutajuniv.html: 0
[2016-09-14 20:39:57] EDIT home4/views/default/executar.html: 5
[2016-09-14 20:40:44] EDIT home4/views/default/executar.html: -3
[2016-09-15 06:45:00] EDIT home4/views/default/index.html: 2
[2016-09-15 06:46:28] EDIT home4/views/default/index.html: -2
[2016-09-15 06:53:45] EDIT home4/views/layout.html: 33
[2016-09-15 07:46:09] EDIT home4/controllers/default.py: 1
[2016-09-15 07:47:00] EDIT home4/views/default/index.html: -6
[2016-09-15 07:47:19] EDIT home4/views/default/index.html: 6
[2016-09-15 07:47:31] EDIT home4/views/default/index.html: 0
[2016-09-15 07:47:45] EDIT home4/views/default/index.html: 0
[2016-09-15 07:48:42] EDIT home4/views/default/index.html: 0
[2016-09-15 07:48:58] EDIT home4/views/layout.html: 0
[2016-09-15 07:49:16] EDIT home4/views/default/index.html: 0
[2016-09-15 07:49:26] EDIT home4/views/default/index.html: 0
[2016-09-15 07:51:59] EDIT home4/views/layoutajuniv.html: 1
[2016-09-15 07:52:43] EDIT home4/views/layoutajuniv.html: 1
[2016-09-15 07:54:14] EDIT home4/views/layoutajuniv.html: 4
[2016-09-15 07:55:07] EDIT home4/views/layoutajuniv.html: 0
[2016-09-15 07:55:31] EDIT home4/views/default/executar.html: 0
[2016-09-15 07:56:43] EDIT home4/views/layoutajuniv.html: 0
[2016-09-15 07:57:59] EDIT home4/views/layoutajuniv.html: 0
[2016-09-15 07:58:51] EDIT home4/views/layoutajuniv.html: 0
[2016-09-15 08:05:32] EDIT home4/views/layoutajuniv.html: 7
[2016-09-15 08:05:48] EDIT home4/views/default/executar.html: 0
[2016-09-15 08:07:12] EDIT home4/views/layoutajuniv.html: 0
[2016-09-15 08:08:12] EDIT home4/views/default/executar.html: 0
[2016-09-15 08:09:06] EDIT home4/views/default/executar.html: 0
[2016-09-15 08:09:27] EDIT home4/views/layoutajuniv.html: 0
[2016-09-15 08:10:11] EDIT home4/views/layoutajuniv.html: -3
[2016-09-15 08:10:42] EDIT home4/views/layoutajuniv.html: 0
[2016-09-15 08:18:00] EDIT home4/views/layoutajuniv.html: 0
[2016-09-15 08:19:14] EDIT home4/views/default/executar.html: 0
[2016-09-15 08:19:42] EDIT home4/views/default/executar.html: 0
[2016-09-15 08:19:56] EDIT home4/views/layoutajuniv.html: 1
[2016-09-15 08:23:17] EDIT home4/views/layoutajuniv.html: 0
[2016-09-15 08:23:24] EDIT home4/views/layoutajuniv.html: 0
[2016-09-15 08:24:55] EDIT home4/views/layoutajuniv.html: -1
[2016-09-15 08:33:40] EDIT home4/views/layoutajuniv.html: 1
[2016-09-15 08:34:06] EDIT home4/views/layoutajuniv.html: 0
[2016-09-15 08:35:59] EDIT home4/views/layoutajuniv.html: -1
[2016-09-15 08:36:12] EDIT home4/views/layoutajuniv.html: 0
[2016-09-15 08:36:34] EDIT home4/views/default/executar.html: 0
[2016-09-15 08:38:26] EDIT home4/views/layoutajuniv.html: 0
[2016-09-15 08:39:28] EDIT home4/views/layoutajuniv.html: 0
[2016-09-15 08:43:23] EDIT home4/views/layoutajuniv.html: 0
[2016-09-15 08:44:01] EDIT home4/views/layoutajuniv.html: 0
[2016-09-15 08:44:28] EDIT home4/views/layoutajuniv.html: 0
[2016-09-15 08:44:52] EDIT home4/views/layoutajuniv.html: 0
[2016-09-15 08:45:31] EDIT home4/views/layoutajuniv.html: 0
[2016-09-15 08:49:01] EDIT home4/views/layoutajuniv.html: 5
[2016-09-15 08:50:06] EDIT home4/views/layoutajuniv.html: -4
[2016-09-15 08:51:12] EDIT home4/views/layoutajuniv.html: 0
[2016-09-15 08:52:00] EDIT home4/views/layoutajuniv.html: 0
[2016-09-15 08:52:06] EDIT home4/views/default/executar.html: 0
[2016-09-15 08:52:31] EDIT home4/views/default/executar.html: 0
[2016-09-15 08:53:36] EDIT home4/views/default/executar.html: 2
[2016-09-15 08:53:52] EDIT home4/views/layoutajuniv.html: -20
[2016-09-15 08:54:30] EDIT home4/views/default/executar.html: 22
[2016-09-15 08:56:15] EDIT home4/views/default/executar.html: 3
[2016-09-15 08:57:51] EDIT home4/views/default/executar.html: 0
[2016-09-15 08:58:16] EDIT home4/views/default/executar.html: 0
[2016-09-15 08:58:54] EDIT home4/views/default/executar.html: 0
[2016-09-15 08:59:40] EDIT home4/views/default/executar.html: 0
[2016-09-15 09:04:11] EDIT home4/views/default/executar.html: -3
[2016-09-15 09:04:41] EDIT home4/views/default/executar.html: 0
[2016-09-15 09:05:42] EDIT home4/views/default/executar.html: 0
[2016-09-15 09:06:17] EDIT home4/views/default/executar.html: -4
[2016-09-15 09:06:23] EDIT home4/views/default/executar.html: 0
[2016-09-15 09:07:17] EDIT home4/views/default/executar.html: 0
[2016-09-15 09:08:24] EDIT home4/views/default/executar.html: 0
[2016-09-15 09:16:30] EDIT home4/views/default/executar.html: 0
[2016-09-15 09:18:12] EDIT home4/views/default/executar.html: 4
[2016-09-15 09:18:22] EDIT home4/views/default/executar.html: -1
[2016-09-15 09:20:35] EDIT home4/views/default/executar.html: 0
[2016-09-15 09:21:06] EDIT home4/views/default/executar.html: 0
[2016-09-15 09:22:07] EDIT home4/views/default/executar.html: 0
[2016-09-15 09:24:42] EDIT home4/views/default/executar.html: 0
[2016-09-15 09:25:39] EDIT home4/views/default/executar.html: 0
[2016-09-15 09:26:04] EDIT home4/views/default/executar.html: 0
[2016-09-15 09:26:42] EDIT home4/views/default/executar.html: 0
[2016-09-15 09:27:05] EDIT home4/views/default/executar.html: 0
[2016-09-15 09:29:27] EDIT home4/views/default/executar.html: -3
[2016-09-15 09:30:32] EDIT home4/views/default/executar.html: 1
[2016-09-15 09:31:54] EDIT home4/views/default/executar.html: 0
[2016-09-15 09:32:29] EDIT home4/views/default/executar.html: 0
[2016-09-15 09:33:01] EDIT home4/views/default/executar.html: 0
[2016-09-15 09:33:05] EDIT home4/views/default/executar.html: 0
[2016-09-15 09:33:24] EDIT home4/views/default/executar.html: 0
[2016-09-15 09:33:42] EDIT home4/views/default/executar.html: 0
[2016-09-15 13:17:03] EDIT home4/controllers/default.py: -1
[2016-09-15 13:19:22] EDIT home4/views/default/index.html: -1
[2016-09-15 13:20:15] EDIT home4/views/default/index.html: 0
[2016-09-15 13:20:56] EDIT home4/views/default/index.html: 0
[2016-09-15 13:22:00] EDIT home4/views/default/index.html: -6
[2016-09-15 13:24:04] EDIT home4/views/default/ajunivgeo.html: 3
[2016-09-15 13:24:45] EDIT home4/views/default/ajunivgeo.html: 0
[2016-09-15 13:25:12] EDIT home4/views/default/ajunivgeo.html: -1
[2016-09-15 13:25:35] EDIT home4/views/default/ajunivgeo.html: 0
[2016-09-15 13:25:52] EDIT home4/views/default/ajunivgeo.html: 0
[2016-09-15 13:26:01] EDIT home4/views/default/ajunivgeo.html: 0
[2016-09-15 13:26:31] EDIT home4/views/default/ajunivgeo.html: 0
[2016-09-15 13:26:39] EDIT home4/views/default/ajunivgeo.html: 0
[2016-09-15 13:26:57] EDIT home4/views/default/ajunivgeo.html: 0
[2016-09-15 13:29:19] EDIT home4/views/layoutajuniv.html: 0
[2016-09-15 13:30:13] EDIT home4/views/default/refer.html: -10
[2016-09-15 13:38:57] EDIT home4/controllers/default.py: 1
[2016-09-15 13:39:38] EDIT home4/controllers/default.py: 0
[2016-09-15 13:40:19] EDIT home4/controllers/default.py: -2
[2016-09-15 13:50:40] EDIT home4/controllers/default.py: 2
[2016-09-15 13:52:40] EDIT home4/modules/NivParamet.py: 1
[2016-09-15 13:55:06] EDIT home4/controllers/default.py: -2
[2016-09-15 13:55:18] EDIT home4/controllers/default.py: 0
[2016-09-15 13:55:40] EDIT home4/controllers/default.py: 0
[2016-09-15 13:57:20] EDIT home4/modules/NivParamet.py: -1
[2016-09-15 14:06:30] EDIT home4/views/layoutajuniv.html: 0
[2016-09-15 14:19:22] EDIT se6alunos/modules/NivParamet.py: 0
[2016-09-15 14:29:48] EDIT se6alunos/views/layoutajuniv.html: 0
[2016-09-15 14:30:34] EDIT se6alunos/views/layout.html: 0
[2016-09-15 14:30:38] EDIT se6alunos/views/default/ajunivgeo.html: 0
[2016-09-15 14:30:44] EDIT se6alunos/views/layoutajuniv.html: 0
[2016-09-16 10:12:46] EDIT se6alunos/modules/NivParamet.py: 0
[2016-09-16 10:27:07] EDIT se6alunos/modules/NivParamet.py: 0
[2016-10-06 10:55:30] EDIT se6alunos/views/default/downloads.html: 11
[2016-10-06 10:56:46] EDIT se6alunos/views/default/downloads.html: 0
[2016-10-06 10:57:16] EDIT se6alunos/views/default/downloads.html: 0
[2016-10-06 10:57:40] EDIT se6alunos/views/default/downloads.html: 0
[2016-10-06 11:00:04] EDIT se6alunos/views/layoutajuniv.html: 0
[2016-10-25 08:58:13] EDIT se6alunos/views/default/downloads.html: 2
[2016-10-25 09:00:02] EDIT se6alunos/models/db.py: -14
[2016-10-25 09:07:28] DELETE se6alunos/models/__init__.py: 0
[2016-10-25 09:08:48] EDIT se6alunos/controllers/default.py: -3
[2016-10-25 09:10:03] EDIT se6alunos/views/web2py_ajax.html: -2
[2017-02-24 18:16:21] EDIT se6alunos/controllers/default.py: 1
[2017-02-24 18:17:05] EDIT se6alunos/controllers/default.py: 1
[2017-02-24 18:22:08] EDIT se6alunos/controllers/default.py: -6
[2017-02-24 18:22:16] EDIT se6alunos/controllers/default.py: 0
[2017-02-24 18:28:30] EDIT se6alunos/modules/Mtools.py: 1
[2017-02-24 18:29:17] EDIT se6alunos/modules/Mtools.py: 0
[2017-02-24 18:31:02] EDIT se6alunos/modules/Mtools.py: 1
[2017-02-24 18:32:33] EDIT se6alunos/modules/Mtools.py: 0
[2017-02-24 18:35:03] EDIT se6alunos/modules/Mtools.py: 1
[2017-02-24 18:36:45] EDIT se6alunos/modules/Mtools.py: 0
[2017-02-24 18:37:52] EDIT se6alunos/modules/Mtools.py: 0
[2017-02-24 18:38:44] EDIT se6alunos/modules/Mtools.py: 0
[2017-02-24 18:39:25] EDIT se6alunos/modules/Mtools.py: 1
[2017-02-24 18:40:01] EDIT se6alunos/modules/Mtools.py: 1
