timestamp: 2016-09-10T19:23:32.635000
CREATE TABLE auth_user(
    id INTEGER PRIMARY KEY AUTOINCREMENT,
    first_name CHAR(128),
    last_name CHAR(128),
    email CHAR(512),
    password CHAR(512),
    registration_key CHAR(512),
    reset_password_key CHAR(512),
    registration_id CHAR(512)
);
success!
timestamp: 2016-09-10T19:23:32.771000
CREATE TABLE auth_group(
    id INTEGER PRIMARY KEY AUTOINCREMENT,
    role CHAR(512),
    description TEXT
);
success!
timestamp: 2016-09-10T19:23:32.860000
CREATE TABLE auth_membership(
    id INTEGER PRIMARY KEY AUTOINCREMENT,
    user_id INTEGER REFERENCES auth_user (id) ON DELETE CASCADE  ,
    group_id INTEGER REFERENCES auth_group (id) ON DELETE CASCADE  
);
success!
timestamp: 2016-09-10T19:23:33.052000
CREATE TABLE auth_permission(
    id INTEGER PRIMARY KEY AUTOINCREMENT,
    group_id INTEGER REFERENCES auth_group (id) ON DELETE CASCADE  ,
    name CHAR(512),
    table_name CHAR(512),
    record_id INTEGER
);
success!
timestamp: 2016-09-10T19:23:33.205000
CREATE TABLE auth_event(
    id INTEGER PRIMARY KEY AUTOINCREMENT,
    time_stamp TIMESTAMP,
    client_ip CHAR(512),
    user_id INTEGER REFERENCES auth_user (id) ON DELETE CASCADE  ,
    origin CHAR(512),
    description TEXT
);
success!
timestamp: 2016-09-10T19:23:33.352000
CREATE TABLE auth_cas(
    id INTEGER PRIMARY KEY AUTOINCREMENT,
    user_id INTEGER REFERENCES auth_user (id) ON DELETE CASCADE  ,
    created_on TIMESTAMP,
    service CHAR(512),
    ticket CHAR(512),
    renew CHAR(1)
);
success!
timestamp: 2016-09-10T19:29:11.587000
CREATE TABLE dp(
    id INTEGER PRIMARY KEY AUTOINCREMENT,
    X CHAR(512)
);
success!
timestamp: 2016-09-10T19:29:11.749000
CREATE TABLE blog(
    id INTEGER PRIMARY KEY AUTOINCREMENT,
    Autor CHAR(512),
    Comentario TEXT,
    diahora TIMESTAMP
);
success!
timestamp: 2016-09-11T10:25:54.594000
CREATE TABLE htmls(
    id INTEGER PRIMARY KEY AUTOINCREMENT,
    pagina CHAR(512),
    conteudo CHAR(512)
);
success!
timestamp: 2016-09-11T18:55:20.635000
CREATE TABLE successcount(
    id INTEGER PRIMARY KEY AUTOINCREMENT,
    contador CHAR(512)
);
success!
